<?xml version="1.0" encoding="UTF-8"?>
<!-- Generated by org.testng.reporters.JUnitReportReporter -->
<testsuite hostname="DESKTOP-NDIGNM8" failures="0" tests="1" name="Mainframe.initialpage" time="16.651" errors="0" timestamp="2023-01-19T09:55:58 IST" skipped="0">
  <testcase classname="Mainframe.initialpage" name="baseclass" time="16.651"/>
  <system-out/>
</testsuite> <!-- Mainframe.initialpage -->
