<?xml version="1.0" encoding="UTF-8"?>
<!-- Generated by org.testng.reporters.JUnitReportReporter -->
<testsuite hostname="DESKTOP-NDIGNM8" failures="0" tests="1" name="Realtimeprojects.realtimeproject.mainframe" time="9.462" errors="0" timestamp="2023-01-11T11:28:13 IST" skipped="0">
  <testcase classname="Realtimeprojects.realtimeproject.mainframe" name="php" time="9.462"/>
  <system-out/>
</testsuite> <!-- Realtimeprojects.realtimeproject.mainframe -->
