<?xml version="1.0" encoding="UTF-8"?>
<!-- Generated by org.testng.reporters.JUnitReportReporter -->
<testsuite hostname="DESKTOP-NDIGNM8" failures="0" tests="1" name="Mainframe.initialpage" time="16.680" errors="0" timestamp="2023-01-11T18:37:51 IST" skipped="0">
  <testcase classname="Mainframe.initialpage" name="baseclass" time="16.680"/>
  <system-out/>
</testsuite> <!-- Mainframe.initialpage -->
